Started by user Robert Marcel Saveanu
 > git rev-parse --resolve-git-dir /var/jenkins_home/caches/git-3667990d3fe9ec628f0c256330971a09/.git # timeout=10
Setting origin to https://github.com/robisaveanu/eCommerce-Application.git
 > git config remote.origin.url https://github.com/robisaveanu/eCommerce-Application.git # timeout=10
Fetching origin...
Fetching upstream changes from origin
 > git --version # timeout=10
 > git --version # 'git version 2.30.2'
 > git config --get remote.origin.url # timeout=10
 > git fetch --tags --force --progress -- origin +refs/heads/*:refs/remotes/origin/* # timeout=10
Seen branch in repository origin/main
Seen 1 remote branch
Obtained Jenkinsfile from 22a839d0ea2c9ab01784a504a9cbd1ac74b3cea0
[Pipeline] Start of Pipeline
[Pipeline] node
Running on Jenkins in /var/jenkins_home/workspace/eCommerce_main
[Pipeline] {
[Pipeline] stage
[Pipeline] { (Declarative: Checkout SCM)
[Pipeline] checkout
Selected Git installation does not exist. Using Default
The recommended git tool is: NONE
No credentials specified
 > git rev-parse --resolve-git-dir /var/jenkins_home/workspace/eCommerce_main/.git # timeout=10
Fetching changes from the remote Git repository
 > git config remote.origin.url https://github.com/robisaveanu/eCommerce-Application.git # timeout=10
Fetching without tags
Fetching upstream changes from https://github.com/robisaveanu/eCommerce-Application.git
 > git --version # timeout=10
 > git --version # 'git version 2.30.2'
 > git fetch --no-tags --force --progress -- https://github.com/robisaveanu/eCommerce-Application.git +refs/heads/*:refs/remotes/origin/* # timeout=10
Checking out Revision 22a839d0ea2c9ab01784a504a9cbd1ac74b3cea0 (main)
 > git config core.sparsecheckout # timeout=10
 > git checkout -f 22a839d0ea2c9ab01784a504a9cbd1ac74b3cea0 # timeout=10
Commit message: "fix jenkinsfile"
First time build. Skipping changelog.
[Pipeline] }
[Pipeline] // stage
[Pipeline] withEnv
[Pipeline] {
[Pipeline] stage
[Pipeline] { (Compile Stage)
[Pipeline] withMaven
[withMaven] Options: []
[withMaven] Available options:
[withMaven] using JDK installation provided by the build agent
[withMaven] using Maven installation 'Maven3'
[Pipeline] {
[Pipeline] sh
+ mvn clean compile
----- withMaven Wrapper script -----
Picked up JAVA_TOOL_OPTIONS: -Dmaven.ext.class.path="/var/jenkins_home/workspace/eCommerce_main@tmp/withMaven0648ddcd/pipeline-maven-spy.jar" -Dorg.jenkinsci.plugins.pipeline.maven.reportsFolder="/var/jenkins_home/workspace/eCommerce_main@tmp/withMaven0648ddcd"
Apache Maven 3.8.4 (9b656c72d54e5bacbed989b64718c159fe39b537)
Maven home: /var/jenkins_home/tools/hudson.tasks.Maven_MavenInstallation/Maven3
Java version: 11.0.13, vendor: Eclipse Adoptium, runtime: /opt/java/openjdk
Default locale: en, platform encoding: UTF-8
OS name: "linux", version: "5.11.0-40-generic", arch: "amd64", family: "unix"
[INFO] [jenkins-event-spy] Generate /var/jenkins_home/workspace/eCommerce_main@tmp/withMaven0648ddcd/maven-spy-20211128-131148-2998051928867217890916.log.tmp ...
[INFO] Scanning for projects...
[INFO]
[INFO] -----------------------< com.udacity:ecommerce >------------------------
[INFO] Building ecommerce 0.0.1-SNAPSHOT
[INFO] --------------------------------[ jar ]---------------------------------
[INFO]
[INFO] --- maven-clean-plugin:3.1.0:clean (default-clean) @ ecommerce ---
[INFO] Deleting /var/jenkins_home/workspace/eCommerce_main/target
[INFO]
[INFO] --- maven-resources-plugin:3.2.0:resources (default-resources) @ ecommerce ---
[INFO] Using 'UTF-8' encoding to copy filtered resources.
[INFO] Using 'UTF-8' encoding to copy filtered properties files.
[INFO] Copying 1 resource
[INFO] Copying 2 resources
[INFO] The encoding used to copy filtered properties files have not been set. This means that the same encoding will be used to copy filtered properties files as when copying other filtered resources. This might not be what you want! Run your build with --debug to see which files might be affected. Read more at https://maven.apache.org/plugins/maven-resources-plugin/examples/filtering-properties-files.html
[INFO]
[INFO] --- maven-compiler-plugin:3.8.1:compile (default-compile) @ ecommerce ---
[INFO] Changes detected - recompiling the module!
[INFO] Compiling 20 source files to /var/jenkins_home/workspace/eCommerce_main/target/classes
[INFO] ------------------------------------------------------------------------
[INFO] BUILD SUCCESS
[INFO] ------------------------------------------------------------------------
[INFO] Total time:  1.527 s
[INFO] Finished at: 2021-11-28T13:11:49Z
[INFO] ------------------------------------------------------------------------
[INFO] [jenkins-event-spy] Generated /var/jenkins_home/workspace/eCommerce_main@tmp/withMaven0648ddcd/maven-spy-20211128-131148-2998051928867217890916.log
[Pipeline] }
[withMaven] artifactsPublisher - Archive artifact pom.xml under com/udacity/ecommerce/0.0.1-SNAPSHOT/ecommerce-0.0.1-SNAPSHOT.pom
[withMaven] Jenkins Task Scanner Plugin not found, don't display results of source code scanning for 'TODO' and 'FIXME' in pipeline screen.
[withMaven] Publishers: Pipeline Graph Publisher: 7 ms, Generated Artifacts Publisher: 3 ms, Open Task Scanner Publisher: 1 ms
[Pipeline] // withMaven
[Pipeline] }
[Pipeline] // stage
[Pipeline] stage
[Pipeline] { (Testing Stage)
[Pipeline] withMaven
[withMaven] Options: []
[withMaven] Available options:
[withMaven] using JDK installation provided by the build agent
[withMaven] using Maven installation 'Maven3'
[Pipeline] {
[Pipeline] sh
+ mvn test
----- withMaven Wrapper script -----
Picked up JAVA_TOOL_OPTIONS: -Dmaven.ext.class.path="/var/jenkins_home/workspace/eCommerce_main@tmp/withMaven580e2d6e/pipeline-maven-spy.jar" -Dorg.jenkinsci.plugins.pipeline.maven.reportsFolder="/var/jenkins_home/workspace/eCommerce_main@tmp/withMaven580e2d6e"
Apache Maven 3.8.4 (9b656c72d54e5bacbed989b64718c159fe39b537)
Maven home: /var/jenkins_home/tools/hudson.tasks.Maven_MavenInstallation/Maven3
Java version: 11.0.13, vendor: Eclipse Adoptium, runtime: /opt/java/openjdk
Default locale: en, platform encoding: UTF-8
OS name: "linux", version: "5.11.0-40-generic", arch: "amd64", family: "unix"
[INFO] [jenkins-event-spy] Generate /var/jenkins_home/workspace/eCommerce_main@tmp/withMaven580e2d6e/maven-spy-20211128-131150-9403129956762231768241.log.tmp ...
[INFO] Scanning for projects...
[INFO]
[INFO] -----------------------< com.udacity:ecommerce >------------------------
[INFO] Building ecommerce 0.0.1-SNAPSHOT
[INFO] --------------------------------[ jar ]---------------------------------
[INFO]
[INFO] --- maven-resources-plugin:3.2.0:resources (default-resources) @ ecommerce ---
[INFO] Using 'UTF-8' encoding to copy filtered resources.
[INFO] Using 'UTF-8' encoding to copy filtered properties files.
[INFO] Copying 1 resource
[INFO] Copying 2 resources
[INFO] The encoding used to copy filtered properties files have not been set. This means that the same encoding will be used to copy filtered properties files as when copying other filtered resources. This might not be what you want! Run your build with --debug to see which files might be affected. Read more at https://maven.apache.org/plugins/maven-resources-plugin/examples/filtering-properties-files.html
[INFO]
[INFO] --- maven-compiler-plugin:3.8.1:compile (default-compile) @ ecommerce ---
[INFO] Nothing to compile - all classes are up to date
[INFO]
[INFO] --- maven-resources-plugin:3.2.0:testResources (default-testResources) @ ecommerce ---
[INFO] Using 'UTF-8' encoding to copy filtered resources.
[INFO] Using 'UTF-8' encoding to copy filtered properties files.
[INFO] skip non existing resourceDirectory /var/jenkins_home/workspace/eCommerce_main/src/test/resources
[INFO]
[INFO] --- maven-compiler-plugin:3.8.1:testCompile (default-testCompile) @ ecommerce ---
[INFO] Changes detected - recompiling the module!
[INFO] Compiling 5 source files to /var/jenkins_home/workspace/eCommerce_main/target/test-classes
[INFO]
[INFO] --- maven-surefire-plugin:2.22.2:test (default-test) @ ecommerce ---
[INFO]
[INFO] -------------------------------------------------------
[INFO]  T E S T S
[INFO] -------------------------------------------------------
[INFO] Running com.udacity.ecommerce.controllers.UserControllerTest

  .   ____          _            __ _ _
 /\\ / ___'_ __ _ _(_)_ __  __ _ \ \ \ \
( ( )\___ | '_ | '_| | '_ \/ _` | \ \ \ \
 \\/  ___)| |_)| | | | | || (_| |  ) ) ) )
  '  |____| .__|_| |_|_| |_\__, | / / / /
 =========|_|==============|___/=/_/_/_/
 :: Spring Boot ::                (v2.4.0)

[INFO] Tests run: 3, Failures: 0, Errors: 0, Skipped: 0, Time elapsed: 2.833 s - in com.udacity.ecommerce.controllers.UserControllerTest
[INFO] Running com.udacity.ecommerce.controllers.CartControllerTest
[INFO] Tests run: 2, Failures: 0, Errors: 0, Skipped: 0, Time elapsed: 0.011 s - in com.udacity.ecommerce.controllers.CartControllerTest
[INFO] Running com.udacity.ecommerce.controllers.ItemControllerTest
[INFO] Tests run: 3, Failures: 0, Errors: 0, Skipped: 0, Time elapsed: 0.01 s - in com.udacity.ecommerce.controllers.ItemControllerTest
[INFO] Running com.udacity.ecommerce.controllers.OrderControllerTest
[INFO] Tests run: 2, Failures: 0, Errors: 0, Skipped: 0, Time elapsed: 0.026 s - in com.udacity.ecommerce.controllers.OrderControllerTest
[INFO] Running com.udacity.ecommerce.ECommerceApplicationTests
[INFO] Tests run: 1, Failures: 0, Errors: 0, Skipped: 0, Time elapsed: 0.003 s - in com.udacity.ecommerce.ECommerceApplicationTests
[INFO]
[INFO] Results:
[INFO]
[INFO] Tests run: 11, Failures: 0, Errors: 0, Skipped: 0
[INFO]
[INFO] ------------------------------------------------------------------------
[INFO] BUILD SUCCESS
[INFO] ------------------------------------------------------------------------
[INFO] Total time:  5.794 s
[INFO] Finished at: 2021-11-28T13:11:56Z
[INFO] ------------------------------------------------------------------------
[INFO] [jenkins-event-spy] Generated /var/jenkins_home/workspace/eCommerce_main@tmp/withMaven580e2d6e/maven-spy-20211128-131150-9403129956762231768241.log
[Pipeline] }
[withMaven] artifactsPublisher - Archive artifact pom.xml under com/udacity/ecommerce/0.0.1-SNAPSHOT/ecommerce-0.0.1-SNAPSHOT.pom
[withMaven] junitPublisher - Archive test results for Maven artifact com.udacity:ecommerce:jar:0.0.1-SNAPSHOT generated by maven-surefire-plugin:test (default-test): target/surefire-reports/*.xml
[withMaven] junitPublisher - Jenkins JUnit Attachments Plugin not found, can't publish test attachments.Recording test results
[withMaven] Jenkins Task Scanner Plugin not found, don't display results of source code scanning for 'TODO' and 'FIXME' in pipeline screen.
[withMaven] Publishers: Pipeline Graph Publisher: 3 ms, Generated Artifacts Publisher: 1 ms, Junit Publisher: 7 ms
[Pipeline] // withMaven
[Pipeline] }
[Pipeline] // stage
[Pipeline] stage
[Pipeline] { (Install Stage)
[Pipeline] withMaven
[withMaven] Options: []
[withMaven] Available options:
[withMaven] using JDK installation provided by the build agent
[withMaven] using Maven installation 'Maven3'
[Pipeline] {
[Pipeline] sh
+ mvn install
----- withMaven Wrapper script -----
Picked up JAVA_TOOL_OPTIONS: -Dmaven.ext.class.path="/var/jenkins_home/workspace/eCommerce_main@tmp/withMaven7c2db49a/pipeline-maven-spy.jar" -Dorg.jenkinsci.plugins.pipeline.maven.reportsFolder="/var/jenkins_home/workspace/eCommerce_main@tmp/withMaven7c2db49a"
Apache Maven 3.8.4 (9b656c72d54e5bacbed989b64718c159fe39b537)
Maven home: /var/jenkins_home/tools/hudson.tasks.Maven_MavenInstallation/Maven3
Java version: 11.0.13, vendor: Eclipse Adoptium, runtime: /opt/java/openjdk
Default locale: en, platform encoding: UTF-8
OS name: "linux", version: "5.11.0-40-generic", arch: "amd64", family: "unix"
[INFO] [jenkins-event-spy] Generate /var/jenkins_home/workspace/eCommerce_main@tmp/withMaven7c2db49a/maven-spy-20211128-131157-8094006765618158790501.log.tmp ...
[INFO] Scanning for projects...
[INFO]
[INFO] -----------------------< com.udacity:ecommerce >------------------------
[INFO] Building ecommerce 0.0.1-SNAPSHOT
[INFO] --------------------------------[ jar ]---------------------------------
[INFO]
[INFO] --- maven-resources-plugin:3.2.0:resources (default-resources) @ ecommerce ---
[INFO] Using 'UTF-8' encoding to copy filtered resources.
[INFO] Using 'UTF-8' encoding to copy filtered properties files.
[INFO] Copying 1 resource
[INFO] Copying 2 resources
[INFO] The encoding used to copy filtered properties files have not been set. This means that the same encoding will be used to copy filtered properties files as when copying other filtered resources. This might not be what you want! Run your build with --debug to see which files might be affected. Read more at https://maven.apache.org/plugins/maven-resources-plugin/examples/filtering-properties-files.html
[INFO]
[INFO] --- maven-compiler-plugin:3.8.1:compile (default-compile) @ ecommerce ---
[INFO] Nothing to compile - all classes are up to date
[INFO]
[INFO] --- maven-resources-plugin:3.2.0:testResources (default-testResources) @ ecommerce ---
[INFO] Using 'UTF-8' encoding to copy filtered resources.
[INFO] Using 'UTF-8' encoding to copy filtered properties files.
[INFO] skip non existing resourceDirectory /var/jenkins_home/workspace/eCommerce_main/src/test/resources
[INFO]
[INFO] --- maven-compiler-plugin:3.8.1:testCompile (default-testCompile) @ ecommerce ---
[INFO] Nothing to compile - all classes are up to date
[INFO]
[INFO] --- maven-surefire-plugin:2.22.2:test (default-test) @ ecommerce ---
[INFO]
[INFO] -------------------------------------------------------
[INFO]  T E S T S
[INFO] -------------------------------------------------------
[INFO] Running com.udacity.ecommerce.controllers.UserControllerTest

  .   ____          _            __ _ _
 /\\ / ___'_ __ _ _(_)_ __  __ _ \ \ \ \
( ( )\___ | '_ | '_| | '_ \/ _` | \ \ \ \
 \\/  ___)| |_)| | | | | || (_| |  ) ) ) )
  '  |____| .__|_| |_|_| |_\__, | / / / /
 =========|_|==============|___/=/_/_/_/
 :: Spring Boot ::                (v2.4.0)

[INFO] Tests run: 3, Failures: 0, Errors: 0, Skipped: 0, Time elapsed: 2.871 s - in com.udacity.ecommerce.controllers.UserControllerTest
[INFO] Running com.udacity.ecommerce.controllers.CartControllerTest
[INFO] Tests run: 2, Failures: 0, Errors: 0, Skipped: 0, Time elapsed: 0.013 s - in com.udacity.ecommerce.controllers.CartControllerTest
[INFO] Running com.udacity.ecommerce.controllers.ItemControllerTest
[INFO] Tests run: 3, Failures: 0, Errors: 0, Skipped: 0, Time elapsed: 0.01 s - in com.udacity.ecommerce.controllers.ItemControllerTest
[INFO] Running com.udacity.ecommerce.controllers.OrderControllerTest
[INFO] Tests run: 2, Failures: 0, Errors: 0, Skipped: 0, Time elapsed: 0.033 s - in com.udacity.ecommerce.controllers.OrderControllerTest
[INFO] Running com.udacity.ecommerce.ECommerceApplicationTests
[INFO] Tests run: 1, Failures: 0, Errors: 0, Skipped: 0, Time elapsed: 0.007 s - in com.udacity.ecommerce.ECommerceApplicationTests
[INFO]
[INFO] Results:
[INFO]
[INFO] Tests run: 11, Failures: 0, Errors: 0, Skipped: 0
[INFO]
[INFO]
[INFO] --- maven-jar-plugin:3.1.1:jar (default-jar) @ ecommerce ---
[INFO] Building jar: /var/jenkins_home/workspace/eCommerce_main/target/ecommerce-0.0.1-SNAPSHOT.jar
[INFO]
[INFO] --- spring-boot-maven-plugin:2.4.0:repackage (repackage) @ ecommerce ---
[INFO] Replacing main artifact with repackaged archive
[INFO]
[INFO] --- maven-install-plugin:2.5.2:install (default-install) @ ecommerce ---
[INFO] Installing /var/jenkins_home/workspace/eCommerce_main/target/ecommerce-0.0.1-SNAPSHOT.jar to /var/jenkins_home/.m2/repository/com/udacity/ecommerce/0.0.1-SNAPSHOT/ecommerce-0.0.1-SNAPSHOT.jar
[INFO] Installing /var/jenkins_home/workspace/eCommerce_main/pom.xml to /var/jenkins_home/.m2/repository/com/udacity/ecommerce/0.0.1-SNAPSHOT/ecommerce-0.0.1-SNAPSHOT.pom
[INFO] ------------------------------------------------------------------------
[INFO] BUILD SUCCESS
[INFO] ------------------------------------------------------------------------
[INFO] Total time:  5.293 s
[INFO] Finished at: 2021-11-28T13:12:03Z
[INFO] ------------------------------------------------------------------------
[INFO] [jenkins-event-spy] Generated /var/jenkins_home/workspace/eCommerce_main@tmp/withMaven7c2db49a/maven-spy-20211128-131157-8094006765618158790501.log
[Pipeline] }
[withMaven] artifactsPublisher - Archive artifact pom.xml under com/udacity/ecommerce/0.0.1-SNAPSHOT/ecommerce-0.0.1-SNAPSHOT.pom
[withMaven] artifactsPublisher - Archive artifact target/ecommerce-0.0.1-SNAPSHOT.jar under com/udacity/ecommerce/0.0.1-SNAPSHOT/ecommerce-0.0.1-SNAPSHOT.jar
[withMaven] junitPublisher - Archive test results for Maven artifact com.udacity:ecommerce:jar:0.0.1-SNAPSHOT generated by maven-surefire-plugin:test (default-test): target/surefire-reports/*.xml
[withMaven] junitPublisher - Jenkins JUnit Attachments Plugin not found, can't publish test attachments.Recording test results
[withMaven] Jenkins Task Scanner Plugin not found, don't display results of source code scanning for 'TODO' and 'FIXME' in pipeline screen.
[withMaven] Publishers: Pipeline Graph Publisher: 3 ms, Generated Artifacts Publisher: 140 ms, Junit Publisher: 7 ms
[Pipeline] // withMaven
[Pipeline] }
[Pipeline] // stage
[Pipeline] }
[Pipeline] // withEnv
[Pipeline] }
[Pipeline] // node
[Pipeline] End of Pipeline
Finished: SUCCESS
